cargo :    Compiling cfg-if 
v1.0.4
At line:1 char:1
+ cargo check 
--message-format=short 2>&1 
| Out-File -FilePath 
errors2. ...
+ ~~~~~~~~~~~~~~~~~~~~~~~~~~
~~~~~~~~~~~~~
    + CategoryInfo          
    : NotSpe    cified: (   
Comp    iling cfg-if v1.    
0.4:String) [],     
RemoteException
    + FullyQualified    
ErrorId : Native    
CommandError
 
    Checking windows-link 
v0.2.1
   Compiling siphasher 
v1.0.2
    Checking serde_core 
v1.0.228
   Compiling fnv v1.0.7
   Compiling writeable 
v0.6.2
   Compiling zerofrom v0.1.6
   Compiling litemap v0.8.1
   Compiling memchr v2.8.0
   Compiling itoa v1.0.17
   Compiling getrandom 
v0.2.17
    Checking windows-sys 
v0.61.2
   Compiling yoke v0.8.1
   Compiling getrandom 
v0.1.16
   Compiling darling_core 
v0.21.3
   Compiling phf_shared 
v0.11.3
   Compiling thiserror 
v2.0.18
    Checking 
stable_deref_trait v1.2.1
   Compiling rand_core 
v0.6.4
   Compiling zerovec v0.11.5
   Compiling rand_core 
v0.5.1
   Compiling zerotrie v0.2.3
   Compiling 
icu_normalizer_data v2.1.1
   Compiling 
icu_properties_data v2.1.2
   Compiling rand_chacha 
v0.3.1
    Checking bytes v1.11.1
   Compiling rand_pcg v0.2.1
   Compiling rand_chacha 
v0.2.2
   Compiling byteorder 
v1.5.0
   Compiling scopeguard 
v1.2.0
   Compiling rand v0.8.5
   Compiling lock_api 
v0.4.14
   Compiling rand v0.7.3
   Compiling tinystr v0.8.2
   Compiling potential_utf 
v0.1.4
   Compiling 
parking_lot_core v0.9.12
   Compiling zmij v1.0.19
   Compiling 
icu_collections v2.1.1
   Compiling winnow v0.7.14
   Compiling 
icu_locale_core v2.1.1
   Compiling getrandom 
v0.3.4
   Compiling phf_generator 
v0.11.3
   Compiling phf_generator 
v0.10.0
   Compiling serde_json 
v1.0.149
   Compiling parking_lot 
v0.12.5
   Compiling 
string_cache_codegen v0.5.4
   Compiling phf_macros 
v0.11.3
   Compiling phf_codegen 
v0.11.3
   Compiling phf_generator 
v0.8.0
   Compiling phf_codegen 
v0.8.0
   Compiling phf_macros 
v0.10.0
   Compiling serde_spanned 
v1.0.4
   Compiling icu_provider 
v2.1.1
   Compiling markup5ever 
v0.14.1
   Compiling toml_datetime 
v0.7.5+spec-1.1.0
    Checking serde v1.0.228
   Compiling log v0.4.29
   Compiling icu_properties 
v2.1.2
   Compiling icu_normalizer 
v2.1.1
   Compiling toml_writer 
v1.0.6+spec-1.1.0
    Checking smallvec 
v1.15.1
   Compiling toml_parser 
v1.0.6+spec-1.1.0
    Checking 
pin-project-lite v0.2.16
   Compiling utf8_iter 
v1.0.4
   Compiling phf v0.11.3
   Compiling phf v0.10.1
   Compiling selectors 
v0.24.0
   Compiling string_cache 
v0.8.9
   Compiling uuid v1.20.0
    Checking 
windows_x86_64_msvc v0.53.1
   Compiling toml 
v0.9.11+spec-1.1.0
   Compiling aho-corasick 
v1.1.4
   Compiling 
alloc-no-stdlib v2.0.4
   Compiling 
unic-char-range v0.9.0
   Compiling regex-syntax 
v0.8.9
   Compiling unic-common 
v0.9.0
    Checking windows-link 
v0.1.3
   Compiling 
unic-ucd-version v0.9.0
   Compiling 
unic-char-property v0.9.0
   Compiling idna_adapter 
v1.2.1
   Compiling cssparser 
v0.29.6
   Compiling alloc-stdlib 
v0.2.2
   Compiling idna v1.1.0
    Checking 
windows-targets v0.53.5
   Compiling winapi-util 
v0.1.11
   Compiling fxhash v0.2.1
   Compiling url v2.5.8
   Compiling typeid v1.0.3
   Compiling equivalent 
v1.0.2
   Compiling hashbrown 
v0.16.1
   Compiling html5ever 
v0.29.1
   Compiling erased-serde 
v0.4.9
   Compiling same-file 
v1.0.6
   Compiling darling_macro 
v0.21.3
   Compiling indexmap 
v2.13.0
    Checking windows-sys 
v0.60.2
   Compiling darling v0.21.3
   Compiling regex-automata 
v0.4.14
   Compiling 
brotli-decompressor v5.0.0
   Compiling unic-ucd-ident 
v0.9.0
   Compiling 
serde_with_macros v3.16.1
   Compiling cfb v0.7.3
   Compiling jsonptr v0.6.3
    Checking http v1.4.0
   Compiling thiserror 
v1.0.69
   Compiling dunce v1.0.5
    Checking once_cell 
v1.21.3
   Compiling infer v0.19.0
   Compiling brotli v8.0.2
   Compiling schemars 
v0.8.22
   Compiling cargo_metadata 
v0.19.2
   Compiling json-patch 
v3.0.1
   Compiling kuchikiki 
v0.8.8-speedreader
   Compiling serde_with 
v3.16.1
   Compiling serde-untagged 
v0.1.9
   Compiling walkdir v2.5.0
    Checking 
windows-strings v0.4.2
    Checking windows-result 
v0.3.4
   Compiling anyhow v1.0.101
   Compiling 
windows_x86_64_msvc v0.52.6
    Checking 
percent-encoding v2.3.2
   Compiling glob v0.3.3
    Checking windows-core 
v0.61.2
   Compiling 
windows-targets v0.52.6
    Checking mio v1.1.1
   Compiling regex v1.12.3
   Compiling libc v0.2.180
    Checking futures-core 
v0.3.31
   Compiling urlpattern 
v0.3.0
   Compiling vswhom-sys 
v0.1.3
   Compiling windows-sys 
v0.59.0
    Checking 
form_urlencoded v1.2.2
   Compiling vswhom v0.1.0
    Checking tracing-core 
v0.1.36
    Checking 
windows-threading v0.1.0
    Checking socket2 v0.6.2
   Compiling option-ext 
v0.2.0
   Compiling dirs-sys v0.5.0
    Checking windows-future 
v0.2.1
    Checking tracing v0.1.44
    Checking 
windows-collections v0.2.0
    Checking 
windows-numerics v0.2.0
    Checking tokio v1.49.0
   Compiling heck v0.5.0
   Compiling dirs v6.0.0
    Checking windows v0.61.3
   Compiling cargo_toml 
v0.22.3
    Checking bitflags 
v2.10.0
   Compiling 
webview2-com-sys v0.38.2
   Compiling time-core 
v0.1.8
   Compiling num-conv v0.2.0
    Checking powerfmt v0.2.0
    Checking 
raw-window-handle v0.6.2
   Compiling tauri-utils 
v2.8.2
    Checking deranged v0.5.5
   Compiling time-macros 
v0.2.27
   Compiling crc32fast 
v1.5.0
    Checking dpi v0.1.2
    Checking pin-utils 
v0.1.0
   Compiling flate2 v1.1.9
   Compiling winreg v0.55.0
    Checking time v0.3.47
    Checking 
crossbeam-utils v0.8.21
   Compiling embed-resource 
v3.0.6
    Checking http-body 
v1.0.1
   Compiling tauri-winres 
v0.3.5
    Checking 
windows-version v0.1.7
    Checking futures-sink 
v0.3.31
    Checking 
unicode-segmentation v1.12.0
    Checking futures-task 
v0.3.31
    Checking futures-util 
v0.3.31
    Checking tokio-util 
v0.7.18
    Checking 
crossbeam-channel v0.5.15
   Compiling png v0.17.16
    Checking cookie v0.18.1
    Checking slab v0.4.12
    Checking try-lock v0.2.5
    Checking tower-service 
v0.3.3
    Checking atomic-waker 
v1.1.2
    Checking semver v1.0.27
    Checking want v0.3.1
   Compiling sha2 v0.10.9
    Checking h2 v0.4.13
   Compiling ico v0.5.0
    Checking httparse 
v1.10.1
    Checking 
futures-channel v0.3.31
    Checking schannel 
v0.1.28
    Checking windows-result 
v0.4.1
    Checking 
windows-strings v0.5.1
   Compiling base64 v0.22.1
    Checking lazy_static 
v1.5.0
    Checking 
windows-registry v0.6.1
    Checking native-tls 
v0.2.14
    Checking keyboard-types 
v0.7.0
    Checking softbuffer 
v0.4.8
    Checking sync_wrapper 
v1.0.2
    Checking mime v0.3.17
    Checking tower-layer 
v0.3.3
    Checking ipnet v2.11.0
    Checking 
serialize-to-javascript 
v0.1.2
    Checking 
tokio-native-tls v0.3.1
    Checking tower v0.5.3
    Checking http-body-util 
v0.1.3
    Checking ryu v1.0.22
    Checking zeroize v1.8.2
    Checking iri-string 
v0.7.10
    Checking 
serde_urlencoded v0.7.1
    Checking muda v0.17.1
    Checking open v5.3.3
    Checking 
rustls-pki-types v1.14.0
    Checking encoding_rs 
v0.8.35
    Checking 
window-vibrancy v0.6.0
   Compiling tauri-build 
v2.5.5
   Compiling tauri-plugin 
v2.5.3
   Compiling tauri-codegen 
v2.5.4
    Checking hyper v1.8.1
    Checking tower-http 
v0.6.8
    Checking hyper-util 
v0.1.20
    Checking hyper-tls 
v0.6.0
    Checking reqwest 
v0.12.28
   Compiling tauri v2.10.2
   Compiling 
tauri-plugin-opener v2.5.3
   Compiling tauri-macros 
v2.5.4
   Compiling sage v0.1.0 (C:
\Users\aleen\OneDrive\Deskto
p\New folder\sage\src-tauri)
    Checking tao v0.34.5
    Checking webview2-com 
v0.38.2
    Checking tauri-runtime 
v2.10.0
    Checking wry v0.54.1
    Checking 
tauri-runtime-wry v2.10.0
src\lib.rs:51:14: 
error[E0255]: the name 
`__cmd__list_models` is 
defined multiple times: 
`__cmd__list_models` 
reimported here
src\lib.rs:75:14: 
error[E0255]: the name `__cm
d__check_ollama_status` is 
defined multiple times: `__c
md__check_ollama_status` 
reimported here
src\lib.rs:87:14: 
error[E0255]: the name 
`__cmd__send_chat_message` 
is defined multiple times: 
`__cmd__send_chat_message` 
reimported here
error: could not compile 
`sage` (lib) due to 3 
previous errors
